<?xml version="1.0" encoding="UTF-8"?>
<!-- Generated by org.testng.reporters.JUnitXMLReporter -->
<testsuite hostname="LidaPC" name="Default test" tests="4" failures="0" timestamp="7 Jul 2016 11:30:54 GMT" time="55.976" errors="0">
  <testcase name="testLogin" time="6.892" classname="gmail_test.GmailTest"/>
  <testcase name="testCheckImportant" time="16.159" classname="gmail_test.GmailTest"/>
  <testcase name="testImportantMess" time="21.716" classname="gmail_test.GmailTest"/>
  <testcase name="testDeletingMessages" time="0.0" classname="gmail_test.GmailTest"/>
</testsuite> <!-- Default test -->
